<?xml version="1.0" encoding="UTF-8"?>
<testng-results ignored="0" total="4" passed="4" failed="0" skipped="0">
  <reporter-output>
  </reporter-output>
  <suite started-at="2022-12-09T14:27:52 IST" name="Default suite" finished-at="2022-12-09T14:27:55 IST" duration-ms="2983">
    <groups>
    </groups>
    <test started-at="2022-12-09T14:27:52 IST" name="Default test" finished-at="2022-12-09T14:27:55 IST" duration-ms="2983">
      <class name="TransposeExcel.FilterAndTranspose">
        <test-method signature="rearrange_images()[pri:0, instance:TransposeExcel.FilterAndTranspose@6da21078]" started-at="2022-12-09T14:27:52 IST" name="rearrange_images" finished-at="2022-12-09T14:27:53 IST" duration-ms="1243" status="PASS">
          <reporter-output>
          </reporter-output>
        </test-method> <!-- rearrange_images -->
        <test-method signature="write_image_names()[pri:1, instance:TransposeExcel.FilterAndTranspose@6da21078]" started-at="2022-12-09T14:27:53 IST" name="write_image_names" finished-at="2022-12-09T14:27:53 IST" duration-ms="119" status="PASS">
          <reporter-output>
          </reporter-output>
        </test-method> <!-- write_image_names -->
        <test-method signature="create_header()[pri:2, instance:TransposeExcel.FilterAndTranspose@6da21078]" started-at="2022-12-09T14:27:53 IST" name="create_header" finished-at="2022-12-09T14:27:53 IST" duration-ms="31" status="PASS">
          <reporter-output>
          </reporter-output>
        </test-method> <!-- create_header -->
        <test-method signature="process_image_details()[pri:3, instance:TransposeExcel.FilterAndTranspose@6da21078]" started-at="2022-12-09T14:27:53 IST" name="process_image_details" finished-at="2022-12-09T14:27:55 IST" duration-ms="1558" status="PASS">
          <reporter-output>
          </reporter-output>
        </test-method> <!-- process_image_details -->
      </class> <!-- TransposeExcel.FilterAndTranspose -->
    </test> <!-- Default test -->
  </suite> <!-- Default suite -->
</testng-results>
